<?xml version="1.0" encoding="UTF-8"?>
<!-- Generated by org.testng.reporters.JUnitXMLReporter -->
<testsuite hostname="LAPTOP-GDVJRS9M" ignored="0" name="Smoke Testing" tests="3" failures="0" timestamp="19 Mar 2018 03:03:19 GMT" time="80.984" errors="0">
  <testcase name="createAccount" time="5.572" classname="Test.SmokeTesting"/>
  <testcase name="activateAccount" time="25.132" classname="Test.SmokeTesting"/>
  <testcase name="logInToAnAccount" time="16.436" classname="Test.SmokeTesting"/>
</testsuite> <!-- Smoke Testing -->
