<?xml version="1.0" encoding="UTF-8"?>
<!-- Generated by org.testng.reporters.JUnitXMLReporter -->
<testsuite hostname="LAPTOP-GDVJRS9M" ignored="2" name="Default test" tests="1" failures="0" timestamp="19 Mar 2018 01:56:08 GMT" time="24.728" errors="0">
  <testcase name="login" time="12.717" classname="Test.SmokeTesting"/>
  <testcase name="createAccount" time="0.0" classname="Test.SmokeTesting">
    <ignored/>
  </testcase> <!-- createAccount -->
  <testcase name="activateAccount" time="0.0" classname="Test.SmokeTesting">
    <ignored/>
  </testcase> <!-- activateAccount -->
</testsuite> <!-- Default test -->
