<?xml version="1.0" encoding="UTF-8"?>
<testng-results skipped="0" failed="0" ignored="2" total="3" passed="1">
  <reporter-output>
  </reporter-output>
  <suite name="Default suite" duration-ms="24728" started-at="2018-03-19T01:55:43Z" finished-at="2018-03-19T01:56:08Z">
    <groups>
    </groups>
    <test name="Default test" duration-ms="24728" started-at="2018-03-19T01:55:43Z" finished-at="2018-03-19T01:56:08Z">
      <class name="Test.SmokeTesting">
        <test-method status="PASS" signature="startingReport()[pri:0, instance:Test.SmokeTesting@3abbfa04]" name="startingReport" is-config="true" duration-ms="216" started-at="2018-03-19T01:55:43Z" finished-at="2018-03-19T01:55:43Z">
          <reporter-output>
          </reporter-output>
        </test-method> <!-- startingReport -->
        <test-method status="PASS" signature="browser()[pri:0, instance:Test.SmokeTesting@3abbfa04]" name="browser" is-config="true" duration-ms="10352" started-at="2018-03-19T01:55:43Z" finished-at="2018-03-19T01:55:54Z">
          <reporter-output>
          </reporter-output>
        </test-method> <!-- browser -->
        <test-method status="PASS" signature="login()[pri:0, instance:Test.SmokeTesting@3abbfa04]" name="login" duration-ms="12717" started-at="2018-03-19T01:55:54Z" finished-at="2018-03-19T01:56:06Z">
          <reporter-output>
          </reporter-output>
        </test-method> <!-- login -->
        <test-method status="PASS" signature="tearDown(org.testng.ITestResult)[pri:0, instance:Test.SmokeTesting@3abbfa04]" name="tearDown" is-config="true" duration-ms="1138" started-at="2018-03-19T01:56:06Z" finished-at="2018-03-19T01:56:08Z">
          <params>
            <param index="0">
              <value>
                <![CDATA[[TestResult name=login status=SUCCESS method=SmokeTesting.login()[pri:0, instance:Test.SmokeTesting@3abbfa04] output={null}]]]>
              </value>
            </param>
          </params>
          <reporter-output>
          </reporter-output>
        </test-method> <!-- tearDown -->
        <test-method status="PASS" signature="endingReport()[pri:0, instance:Test.SmokeTesting@3abbfa04]" name="endingReport" is-config="true" duration-ms="288" started-at="2018-03-19T01:56:08Z" finished-at="2018-03-19T01:56:08Z">
          <reporter-output>
          </reporter-output>
        </test-method> <!-- endingReport -->
      </class> <!-- Test.SmokeTesting -->
    </test> <!-- Default test -->
  </suite> <!-- Default suite -->
</testng-results>
